This is pdfTeX, Version 3.14159265-2.6-1.40.15 (MiKTeX 2.9 64-bit) (preloaded format=latex 2015.6.23)  20 SEP 2018 13:15
entering extended mode
**USThesis.tex
(USThesis.tex
LaTeX2e <2015/01/01>
Babel <3.9l> and hyphenation patterns for 69 languages loaded.
("D:\Programme\MiKTeX 2.9\tex\latex\memoir\memoir.cls"
Document Class: memoir 2018/04/04 v3.7g configurable book, report, article document class
\onelineskip=\skip41
\lxvchars=\skip42
\xlvchars=\skip43
\@memcnta=\count79
\c@@memmarkcntra=\count80
\l@nohyphenation=\language70
("D:\Programme\MiKTeX 2.9\tex\generic\oberdiek\ifpdf.sty"
Package: ifpdf 2011/01/30 v2.3 Provides the ifpdf switch (HO)
Package ifpdf Info: pdfTeX in PDF mode is not detected.
)

LaTeX Warning: You have requested, on input line 220, version
               `2017/03/15' of package ifpdf,
               but only version
               `2011/01/30 v2.3 Provides the ifpdf switch (HO)'
               is available.

("D:\Programme\MiKTeX 2.9\tex\latex\ifetex\ifetex.sty"
Package: ifetex 2018/03/31 v1.2a ifetex
 ("D:\Programme\MiKTeX 2.9\tex\plain\ifetex\ifetex.tex"))
("D:\Programme\MiKTeX 2.9\tex\generic\ifxetex\ifxetex.sty"
Package: ifxetex 2010/09/12 v0.6 Provides ifxetex conditional
) ("D:\Programme\MiKTeX 2.9\tex\generic\oberdiek\ifluatex.sty"
Package: ifluatex 2010/03/01 v1.3 Provides the ifluatex switch (HO)
Package ifluatex Info: LuaTeX not detected.
)

LaTeX Warning: You have requested, on input line 223, version
               `2016/05/16' of package ifluatex,
               but only version
               `2010/03/01 v1.3 Provides the ifluatex switch (HO)'
               is available.

\stockheight=\skip44
\stockwidth=\skip45
\trimtop=\skip46
\trimedge=\skip47
("D:\Programme\MiKTeX 2.9\tex\latex\base\fleqn.clo"
File: fleqn.clo 2015/03/31 v1.1i Standard LaTeX option (flush left equations)
\mathindent=\dimen102
Applying: [2015/01/01] Make \[ robust on input line 50.
LaTeX Info: Redefining \[ on input line 51.
Already applied: [0000/00/00] Make \[ robust on input line 62.
Applying: [2015/01/01] Make \] robust on input line 74.
LaTeX Info: Redefining \] on input line 75.
Already applied: [0000/00/00] Make \] robust on input line 83.
) ("D:\Programme\MiKTeX 2.9\tex\latex\memoir\mem12.clo"
File: mem12.clo 2010/10/19 v0.4b memoir class 12pt size option
)
\binding=\skip48
\spinemargin=\skip49
\foremargin=\skip50
\uppermargin=\skip51
\lowermargin=\skip52
\headdrop=\skip53
\normalrulethickness=\skip54
\mem@maxheadheight=\skip55
\mem@maxfootheight=\skip56
\headwidth=\skip57
\c@storedpagenumber=\count81
\memPD=\dimen103
\m@mabparskip=\skip58
\thanksmarkwidth=\skip59
\thanksmarksep=\skip60
\droptitle=\skip61
\c@book=\count82
\c@part=\count83
\c@chapter=\count84
\c@section=\count85
\c@subsection=\count86
\c@subsubsection=\count87
\c@paragraph=\count88
\c@subparagraph=\count89
\beforechapskip=\skip62
\midchapskip=\skip63
\afterchapskip=\skip64
\chapindent=\skip65
\bottomsectionskip=\skip66
\secindent=\skip67
\beforesecskip=\skip68
\aftersecskip=\skip69
\subsecindent=\skip70
\beforesubsecskip=\skip71
\aftersubsecskip=\skip72
\subsubsecindent=\skip73
\beforesubsubsecskip=\skip74
\aftersubsubsecskip=\skip75
\paraindent=\skip76
\beforeparaskip=\skip77
\afterparaskip=\skip78
\subparaindent=\skip79
\beforesubparaskip=\skip80
\aftersubparaskip=\skip81
\pfbreakskip=\skip82
\c@@ppsavesec=\count90
\c@@ppsaveapp=\count91
\ragrparindent=\dimen104
\everylistparindent=\dimen105
\parsepi=\skip83
\topsepi=\skip84
\itemsepi=\skip85
\parsepii=\skip86
\topsepii=\skip87
\topsepiii=\skip88
\itemsepii=\skip89
\itemsepiii=\skip90
\partopsepii=\skip91
\partopsepiii=\skip92
\m@msavetopsep=\skip93
\m@msavepartopsep=\skip94
\@enLab=\toks14
\abstitleskip=\skip95
\absleftindent=\skip96
\abs@leftindent=\dimen106
\absrightindent=\skip97
\absparindent=\skip98
\absparsep=\skip99
\c@vslineno=\count92
\c@poemline=\count93
\c@modulo@vs=\count94
\c@memfvsline=\count95
\vleftskip=\skip100
\vrightskip=\skip101
\stanzaskip=\skip102
\versewidth=\skip103
\vgap=\skip104
\vindent=\skip105
\vleftmargin=\dimen107
\c@verse=\count96
\c@chrsinstr=\count97
\beforepoemtitleskip=\skip106
\afterpoemtitleskip=\skip107
\c@poem=\count98
\beforePoemTitleskip=\skip108
\midPoemTitleskip=\skip109
\afterPoemTitleskip=\skip110
\col@sep=\dimen108
\extrarowheight=\dimen109
\NC@list=\toks15
\extratabsurround=\skip111
\backup@length=\skip112
\TX@col@width=\dimen110
\TX@old@table=\dimen111
\TX@old@col=\dimen112
\TX@target=\dimen113
\TX@delta=\dimen114
\TX@cols=\count99
\TX@ftn=\toks16
\heavyrulewidth=\dimen115
\lightrulewidth=\dimen116
\cmidrulewidth=\dimen117
\belowrulesep=\dimen118
\belowbottomsep=\dimen119
\aboverulesep=\dimen120
\abovetopsep=\dimen121
\cmidrulesep=\dimen122
\cmidrulekern=\dimen123
\defaultaddspace=\dimen124
\@cmidla=\count100
\@cmidlb=\count101
\@aboverulesep=\dimen125
\@belowrulesep=\dimen126
\@thisruleclass=\count102
\@lastruleclass=\count103
\@thisrulewidth=\dimen127
\ctableftskip=\skip113
\ctabrightskip=\skip114
\abovecolumnspenalty=\count104
\@linestogo=\count105
\@cellstogo=\count106
\@cellsincolumn=\count107
\crtok=\toks17
\@mincolumnwidth=\dimen128
\c@newflo@tctr=\count108
\mem@margin@floatbox=\box26
\@contcwidth=\skip115
\@contindw=\skip116
\abovecaptionskip=\skip117
\belowcaptionskip=\skip118
\subfloattopskip=\skip119
\subfloatcapskip=\skip120
\subfloatcaptopadj=\skip121
\subfloatbottomskip=\skip122
\subfloatlabelskip=\skip123
\subfloatcapmargin=\dimen129
\c@@contsubnum=\count109
\m@mscap@capbox=\box27
\m@mscap@fbox=\box28
\sidecapsep=\dimen130
\sidecapwidth=\dimen131
\m@m@tempdima=\dimen132
\m@mscapraise=\dimen133
\sidecapraise=\dimen134
\m@mscapmainwidth=\dimen135
\m@mscaplkern=\dimen136
\beforeepigraphskip=\skip124
\afterepigraphskip=\skip125
\epigraphwidth=\skip126
\epigraphrule=\skip127
LaTeX Info: Redefining \em on input line 7578.
LaTeX Info: Redefining \emph on input line 7586.
\tocentryskip=\skip128
\tocbaseline=\skip129
\cftparskip=\skip130
\cftbeforebookskip=\skip131
\cftbookindent=\dimen137
\cftbooknumwidth=\dimen138
\cftbeforepartskip=\skip132
\cftpartindent=\skip133
\cftpartnumwidth=\skip134
\cftbeforechapterskip=\skip135
\cftchapterindent=\skip136
\cftchapternumwidth=\skip137
\cftbeforesectionskip=\skip138
\cftsectionindent=\skip139
\cftsectionnumwidth=\skip140
\cftbeforesubsectionskip=\skip141
\cftsubsectionindent=\skip142
\cftsubsectionnumwidth=\skip143
\cftbeforesubsubsectionskip=\skip144
\cftsubsubsectionindent=\skip145
\cftsubsubsectionnumwidth=\skip146
\cftbeforeparagraphskip=\skip147
\cftparagraphindent=\skip148
\cftparagraphnumwidth=\skip149
\cftbeforesubparagraphskip=\skip150
\cftsubparagraphindent=\skip151
\cftsubparagraphnumwidth=\skip152
\prechapterprecisshift=\dimen139
\c@maxsecnumdepth=\count110
\bibindent=\dimen140
\bibitemsep=\skip153
\indexcolsep=\skip154
\indexrule=\skip155
\indexmarkstyle=\toks18
\@indexbox=\insert233
\glossarycolsep=\dimen141
\glossaryrule=\dimen142
\sideparvshift=\skip156
\sideins=\insert232
\sidebartopsep=\skip157
\sidebarhsep=\skip158
\sidebarvsep=\skip159
\sidebarwidth=\skip160
\footmarkwidth=\skip161
\footmarksep=\skip162
\footparindent=\skip163
\footinsdim=\skip164
\footinsv@r=\insert231
\@mpfootinsv@r=\insert230
\m@m@k=\count111
\m@m@h=\dimen143
\m@mipn@skip=\skip165
\sidefootins=\insert229
\sidefootadjust=\skip166
\sidefootheight=\skip167
\sidefoothsep=\skip168
\sidefootvsep=\skip169
\sidefootwidth=\skip170
\m@mdownsf=\skip171
\c@sidefootnote=\count112
\sidefootmarkwidth=\skip172
\sidefootmarksep=\skip173
\sidefootparindent=\skip174
\c@pagenote=\count113
\c@pagenoteshadow=\count114
\mem@pn@lastkern=\skip175
\every@verbatim=\toks19
\afterevery@verbatim=\toks20
\verbatim@line=\toks21
\tab@position=\count115
\verbatim@in@stream=\read1
\verbatimindent=\skip176
\verbatim@out=\write3
\bvboxsep=\skip177
\c@memfbvline=\count116
\c@bvlinectr=\count117
\bvnumlength=\skip178
\fb@frw=\dimen144
\fb@frh=\dimen145
\FrameRule=\dimen146
\FrameSep=\dimen147
\c@cp@cntr=\count118
LaTeX Info: Redefining \: on input line 12100.
LaTeX Info: Redefining \! on input line 12102.
\c@ism@mctr=\count119
\c@xsm@mctr=\count120
\c@csm@mctr=\count121
\c@ksm@mctr=\count122
\c@xksm@mctr=\count123
\c@cksm@mctr=\count124
\c@msm@mctr=\count125
\c@xmsm@mctr=\count126
\c@cmsm@mctr=\count127
\c@bsm@mctr=\count128
\c@workm@mctr=\count129
\c@sheetsequence=\count130
\c@lastsheet=\count131
\c@lastpage=\count132
\c@figure=\count133
\c@lofdepth=\count134
\cftbeforefigureskip=\skip179
\cftfigureindent=\skip180
\cftfigurenumwidth=\skip181
\c@table=\count135
\c@lotdepth=\count136
\cftbeforetableskip=\skip182
\cfttableindent=\skip183
\cfttablenumwidth=\skip184
Package abstract [2008/07/23] emulated by memoir.
Package appendix [2008/07/23] emulated by memoir.
Package array [2016/10/06] emulated by memoir.
Package booktabs [2016/05/16] emulated by memoir.
Package ccaption [2008/07/23] emulated by memoir.
Package changepage [2008/07/23] emulated by memoir.
Package chngcntr [2008/07/23] emulated by memoir.
Package chngpage [2008/07/23] emulated by memoir.
Package crop emulated by memoir.
Package dcolumn [2008/07/23] emulated by memoir.
Package delarray [2014/10/28] emulated by memoir.
Package enumerate [2008/07/23] emulated by memoir.
Package epigraph [2008/07/23] emulated by memoir.
Package ifmtarg [2008/07/23] emulated by memoir.
Package index [2008/07/23] emulated by memoir.
Package makeidx [2008/07/23] emulated by memoir.
Package moreverb [2008/07/23] emulated by memoir.
Package mparhack [2008/07/23] emulated by memoir.
Package needspace [2008/07/23] emulated by memoir.
Package newfile [2008/07/23] emulated by memoir.
Package nextpage [2008/07/23] emulated by memoir.
Package pagenote [2008/07/23] emulated by memoir.
Package parskip [2008/07/23] emulated by memoir.
Package patchcmd [2008/07/23] emulated by memoir.
Package setspace [2008/07/23] emulated by memoir.
Package shortvrb [2008/07/23] emulated by memoir.
Package showidx [2008/07/23] emulated by memoir.
Package tabularx [2016/02/03] emulated by memoir.
Package titleref [2008/07/23] emulated by memoir.
Package titling [2008/07/23] emulated by memoir.
Package tocbibind [2008/07/23] emulated by memoir.
Package tocloft [2008/07/23] emulated by memoir.
Package tocvsec2 [2008/07/23] emulated by memoir.
Package verbatim [2008/07/23] emulated by memoir.
Package verse [2008/07/23] emulated by memoir.
)
(usthesis.sty
Package: usthesis 2008/06/30 v4.0 Stellenbosh Thesis class for use with Memoir (DNJ ELS)
Package usthesis Info: Stellenbosch thesis style for MEMOIR class on input line 36.
 ("D:\Programme\MiKTeX 2.9\tex\latex\tools\calc.sty"
Package: calc 2014/10/28 v4.3 Infix arithmetic (KKT,FJ)
\calc@Acount=\count137
\calc@Bcount=\count138
\calc@Adimen=\dimen148
\calc@Bdimen=\dimen149
\calc@Askip=\skip185
\calc@Bskip=\skip186
LaTeX Info: Redefining \setlength on input line 80.
LaTeX Info: Redefining \addtolength on input line 81.
\calc@Ccount=\count139
\calc@Cskip=\skip187
)
Package usthesis Info: Input file 'usthesis.afr' loaded on input line 92.
 (usthesis.afr
File: usthesis.afr 2008/05/29 v1.0 USthesis Afr defs (DNJ Els)
)
Package usthesis Info: Input file 'usthesis.eng' loaded on input line 95.
 (usthesis.eng
File: usthesis.eng 2008/05/29 v1.0 USthesis Eng defs (DNJ Els)
)
\US@tdima=\skip188
\US@tdimb=\skip189
\US@tboxa=\box29
\c@US@tcnta=\count140
\c@US@tcntb=\count141


******************************************************
Stock height and width: 845.90044pt by 598.07692pt
Top and edge trims: 0pt and 0pt
Page height and width: 845.90044pt by 598.07692pt
Text height and width: 635.5pt by 398pt
Spine and edge margins: 99.67041pt and 99.68553pt
Upper and lower margins: 80.09338pt and 130.30705pt
Headheight and headsep: 14.5pt and 19.8738pt
Footskip: 30pt
Columnsep and columnseprule: 10pt and 0pt
Marginparsep and marginparwidth: 7pt and 85.68553pt
Sidecapsep and sidecapwidth: 7pt and 92pt
Sidebarhsep and sidebarwidth: 7pt and 92pt
Sidebarvsep and sidebartopsep: 14.5pt and 0pt
Sidebarheight: 590.14995pt
Sidefoothsep and sidefootwidth: 7pt and 92pt
Sidefootvsep and sidefootheight: 14.5pt and 590.14995pt
******************************************************

\US@month=\count142
\US@year=\count143
)

******************************************************
Stock height and width: 845.90044pt by 598.07692pt
Top and edge trims: 0pt and 0pt
Page height and width: 845.90044pt by 598.07692pt
Text height and width: 693.5pt by 455pt
Spine and edge margins: 71.13188pt and 71.13188pt
Upper and lower margins: 71.13188pt and 81.26855pt
Headheight and headsep: 14.5pt and 19.8738pt
Footskip: 30pt
Columnsep and columnseprule: 10pt and 0pt
Marginparsep and marginparwidth: 7pt and 57.13188pt
Sidecapsep and sidecapwidth: 7pt and 92pt
Sidebarhsep and sidebarwidth: 7pt and 92pt
Sidebarvsep and sidebartopsep: 14.5pt and 0pt
Sidebarheight: 590.14995pt
Sidefoothsep and sidefootwidth: 7pt and 92pt
Sidefootvsep and sidefootheight: 14.5pt and 590.14995pt
******************************************************

("D:\Programme\MiKTeX 2.9\tex\latex\base\inputenc.sty"
Package: inputenc 2015/03/17 v1.2c Input encoding file
\inpenc@prehook=\toks22
\inpenc@posthook=\toks23
 ("D:\Programme\MiKTeX 2.9\tex\latex\base\latin1.def"
File: latin1.def 2015/03/17 v1.2c Input encoding file
))
("D:\Programme\MiKTeX 2.9\tex\latex\babel\babel.sty"
Package: babel 2014/09/25 3.9l The Babel package

*************************************
* Local config file bblopts.cfg used
*
("D:\Programme\MiKTeX 2.9\tex\latex\00miktex\bblopts.cfg"
File: bblopts.cfg 2006/07/31 v1.0 MiKTeX 'babel' configuration
) ("D:\Programme\MiKTeX 2.9\tex\latex\babel-dutch\dutch.ldf"
Language: dutch 2005/03/30 v3.8i Dutch support from the babel system

("D:\Programme\MiKTeX 2.9\tex\latex\babel\babel.def"
File: babel.def 2014/09/25 3.9l Babel common definitions
\babel@savecnt=\count144
\U@D=\dimen150
)
Package babel Info: Making " an active character on input line 132.
) ("D:\Programme\MiKTeX 2.9\tex\latex\babel-english\english.ldf"
Language: english 2012/08/20 v3.3p English support from the babel system
\l@canadian = a dialect from \language\l@american 
\l@australian = a dialect from \language\l@british 
\l@newzealand = a dialect from \language\l@british 
)
("D:\Programme\MiKTeX 2.9\tex\latex\babel-english\english.ldf"
Language: english 2012/08/20 v3.3p English support from the babel system
))

Package Babel Warning: The package option `english' should not be used
(Babel)                with a more specific one (like `UKenglish') on input line 19.

(D:\LWH\Documents\texmf\tex\latex\amsmath\amsmath.sty
Package: amsmath 2013/01/14 v2.14 AMS math features
\@mathmargin=\skip190

For additional information on amsmath, use the `?' option.
(D:\LWH\Documents\texmf\tex\latex\amsmath\amstext.sty
Package: amstext 2000/06/29 v2.01
 (D:\LWH\Documents\texmf\tex\latex\amsmath\amsgen.sty
File: amsgen.sty 1999/11/30 v2.0
\@emptytoks=\toks24
\ex@=\dimen151
))
(D:\LWH\Documents\texmf\tex\latex\amsmath\amsbsy.sty
Package: amsbsy 1999/11/29 v1.2d
\pmbraise@=\dimen152
) (D:\LWH\Documents\texmf\tex\latex\amsmath\amsopn.sty
Package: amsopn 1999/12/14 v2.01 operator names
)
\inf@bad=\count145
LaTeX Info: Redefining \frac on input line 210.
\uproot@=\count146
\leftroot@=\count147
LaTeX Info: Redefining \overline on input line 306.
\classnum@=\count148
\DOTSCASE@=\count149
LaTeX Info: Redefining \ldots on input line 378.
LaTeX Info: Redefining \dots on input line 381.
LaTeX Info: Redefining \cdots on input line 466.
\Mathstrutbox@=\box30
\strutbox@=\box31
\big@size=\dimen153
LaTeX Font Info:    Redeclaring font encoding OML on input line 566.
LaTeX Font Info:    Redeclaring font encoding OMS on input line 567.
\macc@depth=\count150
\c@MaxMatrixCols=\count151
\dotsspace@=\muskip10
\c@parentequation=\count152
\dspbrk@lvl=\count153
\tag@help=\toks25
\row@=\count154
\column@=\count155
\maxfields@=\count156
\andhelp@=\toks26
\eqnshift@=\dimen154
\alignsep@=\dimen155
\tagshift@=\dimen156
\tagwidth@=\dimen157
\totwidth@=\dimen158
\lineht@=\dimen159
\@envbody=\toks27
\multlinegap=\skip191
\multlinetaggap=\skip192
\mathdisplay@stack=\toks28
LaTeX Info: Redefining \[ on input line 2665.
LaTeX Info: Redefining \] on input line 2666.
)
("D:\Programme\MiKTeX 2.9\tex\latex\amsfonts\amssymb.sty"
Package: amssymb 2013/01/14 v3.01 AMS font symbols
 ("D:\Programme\MiKTeX 2.9\tex\latex\amsfonts\amsfonts.sty"
Package: amsfonts 2013/01/14 v3.01 Basic AMSFonts support
\symAMSa=\mathgroup4
\symAMSb=\mathgroup5
LaTeX Font Info:    Overwriting math alphabet `\mathfrak' in version `bold'
(Font)                  U/euf/m/n --> U/euf/b/n on input line 106.
))
("D:\Programme\MiKTeX 2.9\tex\latex\cases\cases.sty"
Package: cases 2002/05/02 ver 2.5 
) ("D:\Programme\MiKTeX 2.9\tex\latex\base\fontenc.sty"
Package: fontenc 2005/09/27 v1.99g Standard LaTeX package

("D:\Programme\MiKTeX 2.9\tex\latex\base\t1enc.def"
File: t1enc.def 2005/09/27 v1.99g Standard LaTeX file
LaTeX Font Info:    Redeclaring font encoding T1 on input line 48.
)) ("D:\Programme\MiKTeX 2.9\tex\latex\base\textcomp.sty"
Package: textcomp 2005/09/27 v1.99g Standard LaTeX package
Package textcomp Info: Sub-encoding information:
(textcomp)               5 = only ISO-Adobe without \textcurrency
(textcomp)               4 = 5 + \texteuro
(textcomp)               3 = 4 + \textohm
(textcomp)               2 = 3 + \textestimated + \textcurrency
(textcomp)               1 = TS1 - \textcircled - \t
(textcomp)               0 = TS1 (full)
(textcomp)             Font families with sub-encoding setting implement
(textcomp)             only a restricted character set as indicated.
(textcomp)             Family '?' is the default used for unknown fonts.
(textcomp)             See the documentation for details.
Package textcomp Info: Setting ? sub-encoding to TS1/1 on input line 79.

("D:\Programme\MiKTeX 2.9\tex\latex\base\ts1enc.def"
File: ts1enc.def 2001/06/05 v3.0e (jk/car/fm) Standard LaTeX file
)
LaTeX Info: Redefining \oldstylenums on input line 334.
Package textcomp Info: Setting cmr sub-encoding to TS1/0 on input line 349.
Package textcomp Info: Setting cmss sub-encoding to TS1/0 on input line 350.
Package textcomp Info: Setting cmtt sub-encoding to TS1/0 on input line 351.
Package textcomp Info: Setting cmvtt sub-encoding to TS1/0 on input line 352.
Package textcomp Info: Setting cmbr sub-encoding to TS1/0 on input line 353.
Package textcomp Info: Setting cmtl sub-encoding to TS1/0 on input line 354.
Package textcomp Info: Setting ccr sub-encoding to TS1/0 on input line 355.
Package textcomp Info: Setting ptm sub-encoding to TS1/4 on input line 356.
Package textcomp Info: Setting pcr sub-encoding to TS1/4 on input line 357.
Package textcomp Info: Setting phv sub-encoding to TS1/4 on input line 358.
Package textcomp Info: Setting ppl sub-encoding to TS1/3 on input line 359.
Package textcomp Info: Setting pag sub-encoding to TS1/4 on input line 360.
Package textcomp Info: Setting pbk sub-encoding to TS1/4 on input line 361.
Package textcomp Info: Setting pnc sub-encoding to TS1/4 on input line 362.
Package textcomp Info: Setting pzc sub-encoding to TS1/4 on input line 363.
Package textcomp Info: Setting bch sub-encoding to TS1/4 on input line 364.
Package textcomp Info: Setting put sub-encoding to TS1/5 on input line 365.
Package textcomp Info: Setting uag sub-encoding to TS1/5 on input line 366.
Package textcomp Info: Setting ugq sub-encoding to TS1/5 on input line 367.
Package textcomp Info: Setting ul8 sub-encoding to TS1/4 on input line 368.
Package textcomp Info: Setting ul9 sub-encoding to TS1/4 on input line 369.
Package textcomp Info: Setting augie sub-encoding to TS1/5 on input line 370.
Package textcomp Info: Setting dayrom sub-encoding to TS1/3 on input line 371.
Package textcomp Info: Setting dayroms sub-encoding to TS1/3 on input line 372.
Package textcomp Info: Setting pxr sub-encoding to TS1/0 on input line 373.
Package textcomp Info: Setting pxss sub-encoding to TS1/0 on input line 374.
Package textcomp Info: Setting pxtt sub-encoding to TS1/0 on input line 375.
Package textcomp Info: Setting txr sub-encoding to TS1/0 on input line 376.
Package textcomp Info: Setting txss sub-encoding to TS1/0 on input line 377.
Package textcomp Info: Setting txtt sub-encoding to TS1/0 on input line 378.
Package textcomp Info: Setting lmr sub-encoding to TS1/0 on input line 379.
Package textcomp Info: Setting lmdh sub-encoding to TS1/0 on input line 380.
Package textcomp Info: Setting lmss sub-encoding to TS1/0 on input line 381.
Package textcomp Info: Setting lmssq sub-encoding to TS1/0 on input line 382.
Package textcomp Info: Setting lmvtt sub-encoding to TS1/0 on input line 383.
Package textcomp Info: Setting lmtt sub-encoding to TS1/0 on input line 384.
Package textcomp Info: Setting qhv sub-encoding to TS1/0 on input line 385.
Package textcomp Info: Setting qag sub-encoding to TS1/0 on input line 386.
Package textcomp Info: Setting qbk sub-encoding to TS1/0 on input line 387.
Package textcomp Info: Setting qcr sub-encoding to TS1/0 on input line 388.
Package textcomp Info: Setting qcs sub-encoding to TS1/0 on input line 389.
Package textcomp Info: Setting qpl sub-encoding to TS1/0 on input line 390.
Package textcomp Info: Setting qtm sub-encoding to TS1/0 on input line 391.
Package textcomp Info: Setting qzc sub-encoding to TS1/0 on input line 392.
Package textcomp Info: Setting qhvc sub-encoding to TS1/0 on input line 393.
Package textcomp Info: Setting futs sub-encoding to TS1/4 on input line 394.
Package textcomp Info: Setting futx sub-encoding to TS1/4 on input line 395.
Package textcomp Info: Setting futj sub-encoding to TS1/4 on input line 396.
Package textcomp Info: Setting hlh sub-encoding to TS1/3 on input line 397.
Package textcomp Info: Setting hls sub-encoding to TS1/3 on input line 398.
Package textcomp Info: Setting hlst sub-encoding to TS1/3 on input line 399.
Package textcomp Info: Setting hlct sub-encoding to TS1/5 on input line 400.
Package textcomp Info: Setting hlx sub-encoding to TS1/5 on input line 401.
Package textcomp Info: Setting hlce sub-encoding to TS1/5 on input line 402.
Package textcomp Info: Setting hlcn sub-encoding to TS1/5 on input line 403.
Package textcomp Info: Setting hlcw sub-encoding to TS1/5 on input line 404.
Package textcomp Info: Setting hlcf sub-encoding to TS1/5 on input line 405.
Package textcomp Info: Setting pplx sub-encoding to TS1/3 on input line 406.
Package textcomp Info: Setting pplj sub-encoding to TS1/3 on input line 407.
Package textcomp Info: Setting ptmx sub-encoding to TS1/4 on input line 408.
Package textcomp Info: Setting ptmj sub-encoding to TS1/4 on input line 409.
) ("D:\Programme\MiKTeX 2.9\tex\latex\tools\bm.sty"
Package: bm 2014/10/28 v1.1c Bold Symbol Support (DPC/FMi)
\symboldoperators=\mathgroup6
\symboldletters=\mathgroup7
\symboldsymbols=\mathgroup8
LaTeX Font Info:    Redeclaring math alphabet \mathbf on input line 141.
LaTeX Info: Redefining \bm on input line 207.
)
("D:\Programme\MiKTeX 2.9\tex\latex\SIstyle\sistyle.sty"
Package: sistyle 2008/07/16 v2.3a SI units and numbers (DNJ Els)
\ttoks@A=\toks29
\ttoks@B=\toks30
) ("D:\Programme\MiKTeX 2.9\tex\latex\stellenbosch\usnomencl.sty"
Package: usnomencl 2008/05/30 v1.1 Stellenbosh Thesis Nomenclature (DNJ ELS)
\USN@tdima=\skip193
\USN@NomGrpSep=\skip194
\NomGrpSep=\skip195
\NomItmSep=\skip196
\NomItmMrg=\skip197
\NomLblSep=\skip198
\UnitLabelWdth=\skip199
) ("D:\Programme\MiKTeX 2.9\tex\latex\stellenbosch\usbib.sty"
Package: usbib 2009/03/07 1.0 (DNJ Els)
 ("D:\Programme\MiKTeX 2.9\tex\latex\natbib\natbib.sty"
Package: natbib 2010/09/13 8.31b (PWD, AO)
\bibhang=\skip200
\bibsep=\skip201
LaTeX Info: Redefining \cite on input line 694.
\c@NAT@ctr=\count157
))
("D:\Programme\MiKTeX 2.9\tex\latex\psfrag\psfrag.sty"
Package: psfrag 1998/04/11 v3.04 PSfrag (MCG)
 ("D:\Programme\MiKTeX 2.9\tex\latex\graphics\graphics.sty"
Package: graphics 2014/10/28 v1.0p Standard LaTeX Graphics (DPC,SPQR)

("D:\Programme\MiKTeX 2.9\tex\latex\graphics\trig.sty"
Package: trig 1999/03/16 v1.09 sin cos tan (DPC)
) ("D:\Programme\MiKTeX 2.9\tex\latex\00miktex\graphics.cfg"
File: graphics.cfg 2007/01/18 v1.5 graphics configuration of teTeX/TeXLive
)
Package graphics Info: Driver file: dvips.def on input line 94.

("D:\Programme\MiKTeX 2.9\tex\latex\graphics\dvips.def"
File: dvips.def 2014/10/14 v3.0j Driver-dependent file (DPC,SPQR)
))
\pfg@pcount=\count158
\pfg@scount=\count159
\pfg@temp=\write4
) ("D:\Programme\MiKTeX 2.9\tex\latex\graphics\graphicx.sty"
Package: graphicx 2014/10/28 v1.0g Enhanced LaTeX Graphics (DPC,SPQR)

("D:\Programme\MiKTeX 2.9\tex\latex\graphics\keyval.sty"
Package: keyval 2014/10/28 v1.15 key=value parser (DPC)
\KV@toks@=\toks31
)
\Gin@req@height=\dimen160
\Gin@req@width=\dimen161
) ("D:\Programme\MiKTeX 2.9\tex\latex\overpic\overpic.sty"
Package: overpic 2010/09/13 v0.53  Overwriting graphics

Package: overpic v0.53 <2010/09/13> (RN)
("D:\Programme\MiKTeX 2.9\tex\latex\eepic\epic.sty"
Enhancements to Picture Environment. Version 1.2 - Released June 1, 1986
\@@multicnt=\count160
\d@lta=\count161
\@delta=\dimen162
\@@delta=\dimen163
\@gridcnt=\count162
\@joinkind=\count163
\@dotgap=\dimen164
\@ddotgap=\dimen165
\@x@diff=\count164
\@y@diff=\count165
\x@diff=\dimen166
\y@diff=\dimen167
\@dotbox=\box32
\num@segments=\count166
\num@segmentsi=\count167
\@datafile=\read2
)
overpic: relative positioning in percent
) ("D:\Programme\MiKTeX 2.9\tex\latex\subfig\subfig.sty"
Package: subfig 2005/06/28 ver: 1.3 subfig package


Class memoir Warning: You are using the caption package with the memoir class. To prepare we will now reset all captioni
ng macros and configurations to kernel defaults, and then let the caption package take over. Please remember to use
 the caption package interfaces in order to
 configure your captions.

("D:\Programme\MiKTeX 2.9\tex\latex\caption\caption.sty"
Package: caption 2013/05/02 v3.3-89 Customizing captions (AR)
 ("D:\Programme\MiKTeX 2.9\tex\latex\caption\caption3.sty"
Package: caption3 2013/05/02 v1.6-88 caption3 kernel (AR)
Package caption3 Info: TeX engine: e-TeX on input line 57.
\captionmargin=\dimen168
\captionmargin@=\dimen169
\captionwidth=\dimen170
\caption@tempdima=\dimen171
\caption@indent=\dimen172
\caption@parindent=\dimen173
\caption@hangindent=\dimen174
)
\c@ContinuedFloat=\count168
)
\c@KVtest=\count169
\sf@farskip=\skip202
\sf@captopadj=\dimen175
\sf@capskip=\skip203
\sf@nearskip=\skip204
\c@subfigure=\count170
\c@subfigure@save=\count171
\c@subtable=\count172
\c@subtable@save=\count173
\sf@top=\skip205
\sf@bottom=\skip206
)
("D:\Programme\MiKTeX 2.9\tex\latex\tools\longtable.sty"
Package: longtable 2014/10/28 v4.11 Multi-page Table package (DPC)
\LTleft=\skip207
\LTright=\skip208
\LTpre=\skip209
\LTpost=\skip210
\LTchunksize=\count174
\LTcapwidth=\dimen176
\LT@head=\box33
\LT@firsthead=\box34
\LT@foot=\box35
\LT@lastfoot=\box36
\LT@cols=\count175
\LT@rows=\count176
\c@LT@tables=\count177
\c@LT@chunks=\count178
\LT@p@ftn=\toks32
) ("D:\Programme\MiKTeX 2.9\tex\latex\graphics\color.sty"
Package: color 2014/10/28 v1.1a Standard LaTeX Color (DPC)

("D:\Programme\MiKTeX 2.9\tex\latex\00miktex\color.cfg"
File: color.cfg 2007/01/18 v1.5 color configuration of teTeX/TeXLive
)
Package color Info: Driver file: dvips.def on input line 142.
 ("D:\Programme\MiKTeX 2.9\tex\latex\graphics\dvipsnam.def"
File: dvipsnam.def 2014/10/14 v3.0j Driver-dependent file (DPC,SPQR)
))
("D:\Programme\MiKTeX 2.9\tex\latex\mdwtools\mdwlist.sty"
Package: mdwlist 1996/05/02 1.1 Various list-related things
) ("D:\Programme\MiKTeX 2.9\tex\latex\hyperref\hyperref.sty"
Package: hyperref 2012/11/06 v6.83m Hypertext links for LaTeX

("D:\Programme\MiKTeX 2.9\tex\generic\oberdiek\hobsub-hyperref.sty"
Package: hobsub-hyperref 2012/04/25 v1.12 Bundle oberdiek, subset hyperref (HO)

("D:\Programme\MiKTeX 2.9\tex\generic\oberdiek\hobsub-generic.sty"
Package: hobsub-generic 2012/04/25 v1.12 Bundle oberdiek, subset generic (HO)
Package: hobsub 2012/04/25 v1.12 Construct package bundles (HO)
Package: infwarerr 2010/04/08 v1.3 Providing info/warning/error messages (HO)
Package: ltxcmds 2011/11/09 v1.22 LaTeX kernel commands for general use (HO)
Package hobsub Info: Skipping package `ifluatex' (already loaded).
Package: ifvtex 2010/03/01 v1.5 Detect VTeX and its facilities (HO)
Package ifvtex Info: VTeX not detected.
Package: intcalc 2007/09/27 v1.1 Expandable calculations with integers (HO)
Package hobsub Info: Skipping package `ifpdf' (already loaded).
Package: etexcmds 2011/02/16 v1.5 Avoid name clashes with e-TeX commands (HO)
Package etexcmds Info: Could not find \expanded.
(etexcmds)             That can mean that you are not using pdfTeX 1.50 or
(etexcmds)             that some package has redefined \expanded.
(etexcmds)             In the latter case, load this package earlier.
Package: kvsetkeys 2012/04/25 v1.16 Key value parser (HO)
Package: kvdefinekeys 2011/04/07 v1.3 Define keys (HO)
Package: pdftexcmds 2011/11/29 v0.20 Utility functions of pdfTeX for LuaTeX (HO)
Package pdftexcmds Info: LuaTeX not detected.
Package pdftexcmds Info: \pdf@primitive is available.
Package pdftexcmds Info: \pdf@ifprimitive is available.
Package pdftexcmds Info: \pdfdraftmode is ignored in DVI mode.
Package: pdfescape 2011/11/25 v1.13 Implements pdfTeX's escape features (HO)
Package: bigintcalc 2012/04/08 v1.3 Expandable calculations on big integers (HO)
Package: bitset 2011/01/30 v1.1 Handle bit-vector datatype (HO)
Package: uniquecounter 2011/01/30 v1.2 Provide unlimited unique counter (HO)
)
Package hobsub Info: Skipping package `hobsub' (already loaded).
Package: letltxmacro 2010/09/02 v1.4 Let assignment for LaTeX macros (HO)
Package: hopatch 2011/06/24 v1.1 Wrapper for package hooks (HO)
Package: xcolor-patch 2011/01/30 xcolor patch
Package: atveryend 2011/06/30 v1.8 Hooks at the very end of document (HO)
Package atveryend Info: \enddocument detected (standard20110627).
Package: atbegshi 2011/10/05 v1.16 At begin shipout hook (HO)
Package: refcount 2011/10/16 v3.4 Data extraction from label references (HO)
Package: hycolor 2011/01/30 v1.7 Color options for hyperref/bookmark (HO)
)
("D:\Programme\MiKTeX 2.9\tex\latex\oberdiek\auxhook.sty"
Package: auxhook 2011/03/04 v1.3 Hooks for auxiliary files (HO)
) ("D:\Programme\MiKTeX 2.9\tex\latex\oberdiek\kvoptions.sty"
Package: kvoptions 2011/06/30 v3.11 Key value format for package options (HO)
)
\@linkdim=\dimen177
\Hy@linkcounter=\count179
\Hy@pagecounter=\count180

("D:\Programme\MiKTeX 2.9\tex\latex\hyperref\pd1enc.def"
File: pd1enc.def 2012/11/06 v6.83m Hyperref: PDFDocEncoding definition (HO)
)
\Hy@SavedSpaceFactor=\count181
 ("D:\Programme\MiKTeX 2.9\tex\latex\00miktex\hyperref.cfg"
File: hyperref.cfg 2002/06/06 v1.2 hyperref configuration of TeXLive
)
Package hyperref Info: Hyper figures OFF on input line 4443.
Package hyperref Info: Link nesting OFF on input line 4448.
Package hyperref Info: Hyper index ON on input line 4451.
Package hyperref Info: Plain pages OFF on input line 4458.
Package hyperref Info: Backreferencing OFF on input line 4463.
Package hyperref Info: Implicit mode ON; LaTeX internals redefined.
Package hyperref Info: Bookmarks ON on input line 4688.
\c@Hy@tempcnt=\count182

("D:\Programme\MiKTeX 2.9\tex\latex\url\url.sty"
\Urlmuskip=\muskip11
Package: url 2013/09/16  ver 3.4  Verb mode for urls, etc.
)
LaTeX Info: Redefining \url on input line 5041.
\XeTeXLinkMargin=\dimen178
\Fld@menulength=\count183
\Field@Width=\dimen179
\Fld@charsize=\dimen180
Package hyperref Info: Hyper figures OFF on input line 6295.
Package hyperref Info: Link nesting OFF on input line 6300.
Package hyperref Info: Hyper index ON on input line 6303.
Package hyperref Info: backreferencing OFF on input line 6310.
Package hyperref Info: Link coloring OFF on input line 6315.
Package hyperref Info: Link coloring with OCG OFF on input line 6320.
Package hyperref Info: PDF/A mode OFF on input line 6325.
LaTeX Info: Redefining \ref on input line 6365.
LaTeX Info: Redefining \pageref on input line 6369.
\Hy@abspage=\count184
\c@Item=\count185
\c@Hfootnote=\count186
) ("D:\Programme\MiKTeX 2.9\tex\latex\memoir\memhfixc.sty"
Package: memhfixc 2013/05/30 v1.17 nameref/hyperref package fixes for memoir class
\c@memhycontfloat=\count187
\c@Hpagenote=\count188
)

Package hyperref Message: Driver (default): hdvips.

("D:\Programme\MiKTeX 2.9\tex\latex\hyperref\hdvips.def"
File: hdvips.def 2012/11/06 v6.83m Hyperref driver for dvips
 ("D:\Programme\MiKTeX 2.9\tex\latex\hyperref\pdfmark.def"
File: pdfmark.def 2012/11/06 v6.83m Hyperref definitions for pdfmark specials
\pdf@docset=\toks33
\pdf@box=\box37
\pdf@toks=\toks34
\pdf@defaulttoks=\toks35
\HyField@AnnotCount=\count189
\Fld@listcount=\count190
\c@bookmark@seq@number=\count191

("D:\Programme\MiKTeX 2.9\tex\latex\oberdiek\rerunfilecheck.sty"
Package: rerunfilecheck 2011/04/15 v1.7 Rerun checks for auxiliary files (HO)
Package uniquecounter Info: New unique counter `rerunfilecheck' on input line 282.
)
\Hy@SectionHShift=\skip211
))
("D:\Programme\MiKTeX 2.9\tex\latex\multirow\multirow.sty"
\bigstrutjot=\dimen181
)
\c@defth=\count192

\@input{flipbook/flipbook.aux}
(flipbook/flipbook.tex)
\@input{frontmatter/titlepage.aux}
(frontmatter/titlepage.tex) (USThesis.aux (frontmatter/Chap-Front.aux) (frontmatter/Nomencl.aux) (contents/Chap-1.aux)
(contents/Chap-2.aux) (contents/Chap-3.aux) (contents/Chap-4.aux) (contents/Chap-5.aux) (contents/Chap-6.aux)
(contents/App_W_factors.aux) (contents/App_SlotCombinations.aux) (contents/App_AGE.aux))
LaTeX Font Info:    Checking defaults for OML/cmm/m/it on input line 113.
LaTeX Font Info:    ... okay on input line 113.
LaTeX Font Info:    Checking defaults for T1/cmr/m/n on input line 113.
LaTeX Font Info:    ... okay on input line 113.
LaTeX Font Info:    Checking defaults for OT1/cmr/m/n on input line 113.
LaTeX Font Info:    ... okay on input line 113.
LaTeX Font Info:    Checking defaults for OMS/cmsy/m/n on input line 113.
LaTeX Font Info:    ... okay on input line 113.
LaTeX Font Info:    Checking defaults for OMX/cmex/m/n on input line 113.
LaTeX Font Info:    ... okay on input line 113.
LaTeX Font Info:    Checking defaults for U/cmr/m/n on input line 113.
LaTeX Font Info:    ... okay on input line 113.
LaTeX Font Info:    Checking defaults for TS1/cmr/m/n on input line 113.
LaTeX Font Info:    Try loading font information for TS1+cmr on input line 113.

("D:\Programme\MiKTeX 2.9\tex\latex\base\ts1cmr.fd"
File: ts1cmr.fd 2014/09/29 v2.5h Standard LaTeX font definitions
)
LaTeX Font Info:    ... okay on input line 113.
LaTeX Font Info:    Checking defaults for PD1/pdf/m/n on input line 113.
LaTeX Font Info:    ... okay on input line 113.
LaTeX Font Info:    Try loading font information for U+msa on input line 113.
 ("D:\Programme\MiKTeX 2.9\tex\latex\amsfonts\umsa.fd"
File: umsa.fd 2013/01/14 v3.01 AMS symbols A
)
LaTeX Font Info:    Try loading font information for U+msb on input line 113.

("D:\Programme\MiKTeX 2.9\tex\latex\amsfonts\umsb.fd"
File: umsb.fd 2013/01/14 v3.01 AMS symbols B
)
Package caption Info: Begin \AtBeginDocument code.
Package caption Info: subfig package v1.3 is loaded.
Package caption Info: hyperref package is loaded.
Package caption Info: longtable package is loaded.
 ("D:\Programme\MiKTeX 2.9\tex\latex\caption\ltcaption.sty"
Package: ltcaption 2013/02/03 v1.3-62 longtable captions (AR)
)
Package caption Info: End \AtBeginDocument code.
\AtBeginShipoutBox=\box38
Package hyperref Info: Link coloring OFF on input line 113.

("D:\Programme\MiKTeX 2.9\tex\latex\hyperref\nameref.sty"
Package: nameref 2012/10/27 v2.43 Cross-referencing by name of section

("D:\Programme\MiKTeX 2.9\tex\generic\oberdiek\gettitlestring.sty"
Package: gettitlestring 2010/12/03 v1.4 Cleanup title references (HO)
)
\c@section@level=\count193
)
Redoing nameref's sectioning
Redoing nameref's label
LaTeX Info: Redefining \nameref on input line 113.
LaTeX Info: Redefining \ref on input line 113.
LaTeX Info: Redefining \pageref on input line 113.
LaTeX Info: Redefining \nameref on input line 113.
(USThesis.out) (USThesis.out)
\@outlinefile=\write5
 [1







] [2

] (frontmatter/Chap-Front.tex
Package babel Info: Redefining dutch shorthand "|
(babel)             in language  on input line 8.
Package babel Info: Redefining dutch shorthand "~
(babel)             in language  on input line 8.
Package babel Info: Redefining dutch shorthand "|
(babel)             in language  on input line 8.
Package babel Info: Redefining dutch shorthand "~
(babel)             in language  on input line 8.
 [3


]
Package babel Info: Redefining dutch shorthand "|
(babel)             in language  on input line 8.
Package babel Info: Redefining dutch shorthand "~
(babel)             in language  on input line 8.
 [4

] [5

] [6

]) (USThesis.toc [7


] [8] [9]
Overfull \hbox (2.03697pt too wide) detected at line 157
 \T1/cmr/bx/n/12 110
 []


Overfull \hbox (2.03697pt too wide) detected at line 164
 \T1/cmr/bx/n/12 113
 []


Overfull \hbox (2.03697pt too wide) detected at line 165
 \T1/cmr/bx/n/12 114
 []


Overfull \hbox (2.03697pt too wide) detected at line 168
 \T1/cmr/bx/n/12 115
 []


Overfull \hbox (2.03697pt too wide) detected at line 169
 \T1/cmr/bx/n/12 118
 []

[10]
Overfull \hbox (2.03697pt too wide) detected at line 180
 \T1/cmr/bx/n/12 125
 []

) [11] (USThesis.lof [12

] [13]) [14] (USThesis.lot) [15

] (frontmatter/Nomencl.tex [16



] [17]) [18] (contents/Chap-1.tex
File: flipbook/frame1.eps Graphic file (type eps)

<flipbook/frame1.eps> [1




]
Underfull \vbox (badness 4752) has occurred while \output is active []

 [2] (figs/ch1/f_coils.tex
File: figs/ch1/f_coils.eps Graphic file (type eps)

<psfrag:figs/ch1/f_coils.eps> (USThesis.pfg) <figs/ch1/f_coils.eps>)
File: flipbook/frame3.eps Graphic file (type eps)
 <flipbook/frame3.eps> [3]
(figs/ch1/f_concen_coils.tex
File: figs/ch1/f_concen_coils.eps Graphic file (type eps)
 <psfrag:figs/ch1/f_concen_coils.eps> (USThesis.pfg) <figs/ch1/f_concen_coils.eps>) [4]
File: flipbook/frame5.eps Graphic file (type eps)

<flipbook/frame5.eps> [5] [6]
File: flipbook/frame7.eps Graphic file (type eps)
 <flipbook/frame7.eps> [7]) [8] (contents/Chap-2.tex
File: flipbook/frame9.eps Graphic file (type eps)
 <flipbook/frame9.eps> [9



] [10]
(figs/ch2/f_comp_teeth.tex
File: figs/ch2/f_comp_teeth.eps Graphic file (type eps)
 <psfrag:figs/ch2/f_comp_teeth.eps> (USThesis.pfg) <figs/ch2/f_comp_teeth.eps>)
Overfull \hbox (15.76653pt too wide) in paragraph at lines 38--39
\T1/cmr/m/n/12 methods like the fi-nite el-e-ment method in the ini-tial de-sign phase. []
 []

File: flipbook/frame11.eps Graphic file (type eps)
<flipbook/frame11.eps> [11] [12]
File: flipbook/frame13.eps Graphic file (type eps)
 <flipbook/frame13.eps> [13] [14]
File: figs/ch2/Kauders.eps Graphic file (type eps)
 <figs/ch2/Kauders.eps>
File: figs/ch2/Kauders_b.eps Graphic file (type eps)
 <figs/ch2/Kauders_b.eps>)
File: flipbook/frame15.eps Graphic file (type eps)

<flipbook/frame15.eps> [15] [16] (contents/Chap-3.tex
File: flipbook/frame17.eps Graphic file (type eps)
 <flipbook/frame17.eps> [17



] [18] (figs/ch3/f_classification.tex
File: figs/ch3/f_classification.eps Graphic file (type eps)

<psfrag:figs/ch3/f_classification.eps> (USThesis.pfg) <figs/ch3/f_classification.eps>)
File: flipbook/frame19.eps Graphic file (type eps)
 <flipbook/frame19.eps> [19]
[20]
File: flipbook/frame21.eps Graphic file (type eps)
 <flipbook/frame21.eps> [21] [22] (figs/ch3/f_mmf_1.tex
File: figs/ch3/f_mmf_1.eps Graphic file (type eps)
 <psfrag:figs/ch3/f_mmf_1.eps> (USThesis.pfg)
<figs/ch3/f_mmf_1.eps>)
File: flipbook/frame23.eps Graphic file (type eps)
 <flipbook/frame23.eps> [23] [24] (figs/ch3/f_mmf_2.tex
File: figs/ch3/f_mmf_2.eps Graphic file (type eps)
 <psfrag:figs/ch3/f_mmf_2.eps>
(USThesis.pfg) <figs/ch3/f_mmf_2.eps>) (figs/ch3/f_mmf_rotation.tex
File: figs/ch3/f_mmf_rotation.eps Graphic file (type eps)
 <psfrag:figs/ch3/f_mmf_rotation.eps> (USThesis.pfg)
<figs/ch3/f_mmf_rotation.eps>)
File: flipbook/frame25.eps Graphic file (type eps)
 <flipbook/frame25.eps> [25] [26]
File: flipbook/frame27.eps Graphic file (type eps)
 <flipbook/frame27.eps> [27] (figs/ch3/f_slotstar.tex
File: figs/ch3/f_slotstar.eps Graphic file (type eps)

<psfrag:figs/ch3/f_slotstar.eps> (USThesis.pfg) <figs/ch3/f_slotstar.eps>) [28]
File: flipbook/frame29.eps Graphic file (type eps)
 <flipbook/frame29.eps> [29]
(figs/ch3/f_flowchart.tex
File: figs/ch3/f_flowchart.eps Graphic file (type eps)
 <psfrag:figs/ch3/f_flowchart.eps> (USThesis.pfg) <figs/ch3/f_flowchart.eps>) [30]
File: flipbook/frame31.eps Graphic file (type eps)

<flipbook/frame31.eps> [31] [32]
File: flipbook/frame33.eps Graphic file (type eps)
 <flipbook/frame33.eps> [33] [34]
File: flipbook/frame35.eps Graphic file (type eps)
 <flipbook/frame35.eps> [35] [36]
(figs/ch3/f_single_layer.tex
File: figs/ch3/f_single_layer.eps Graphic file (type eps)
 <psfrag:figs/ch3/f_single_layer.eps> (USThesis.pfg) <figs/ch3/f_single_layer.eps>)
(figs/ch3/f_Qs_30_p_10_1.tex
File: figs/ch3/f_Qs_30_p_10_1.eps Graphic file (type eps)
 <psfrag:figs/ch3/f_Qs_30_p_10_1.eps> (USThesis.pfg) <figs/ch3/f_Qs_30_p_10_1.eps>)
(figs/ch3/f_double_layer_type2.tex
File: figs/ch3/f_double_layer_type2.eps Graphic file (type eps)
 <psfrag:figs/ch3/f_double_layer_type2.eps> (USThesis.pfg)
<figs/ch3/f_double_layer_type2.eps>) (figs/ch3/f_Qs_30_p_10_2.tex
File: figs/ch3/f_Qs_30_p_10_2.eps Graphic file (type eps)
 <psfrag:figs/ch3/f_Qs_30_p_10_2.eps> (USThesis.pfg)
<figs/ch3/f_Qs_30_p_10_2.eps>) (figs/ch3/f_single_layer_type1.tex
File: figs/ch3/f_single_layer_type1.eps Graphic file (type eps)
 <psfrag:figs/ch3/f_single_layer_type1.eps>
(USThesis.pfg) <figs/ch3/f_single_layer_type1.eps>) (figs/ch3/f_Qs_30_p_5_1.tex
File: figs/ch3/f_Qs_30_p_5_1.eps Graphic file (type eps)
 <psfrag:figs/ch3/f_Qs_30_p_5_1.eps>
(USThesis.pfg) <figs/ch3/f_Qs_30_p_5_1.eps>)
File: flipbook/frame37.eps Graphic file (type eps)
 <flipbook/frame37.eps> [37] [38]
File: flipbook/frame39.eps Graphic file (type eps)
 <flipbook/frame39.eps> [39] [40]
(figs/ch3/f_double_layer.tex
File: figs/ch3/f_double_layer.eps Graphic file (type eps)
 <psfrag:figs/ch3/f_double_layer.eps> (USThesis.pfg) <figs/ch3/f_double_layer.eps>)
(figs/ch3/f_Qs_30_p_5_2.tex
File: figs/ch3/f_Qs_30_p_5_2.eps Graphic file (type eps)
 <psfrag:figs/ch3/f_Qs_30_p_5_2.eps> (USThesis.pfg) <figs/ch3/f_Qs_30_p_5_2.eps>)
(figs/ch3/f_axis.tex
File: figs/ch3/f_axis.eps Graphic file (type eps)
 <psfrag:figs/ch3/f_axis.eps> (USThesis.pfg) <figs/ch3/f_axis.eps>))
File: flipbook/frame41.eps Graphic file (type eps)
 <flipbook/frame41.eps> [41]
[42]
File: flipbook/frame43.eps Graphic file (type eps)
 <flipbook/frame43.eps> [43] (contents/Chap-4.tex [44



] (figs/ch4/f_epstein.tex
File: figs/ch4/f_epstein.eps Graphic file (type eps)
 <psfrag:figs/ch4/f_epstein.eps>
(USThesis.pfg) <figs/ch4/f_epstein.eps>) (figs/ch4/f_dependancy.tex
File: figs/ch4/f_dependancy.eps Graphic file (type eps)
 <psfrag:figs/ch4/f_dependancy.eps> (USThesis.pfg)
<figs/ch4/f_dependancy.eps>) (figs/ch4/f_specific_P.tex
File: figs/ch4/f_specific_P.eps Graphic file (type eps)
 <psfrag:figs/ch4/f_specific_P.eps> (USThesis.pfg)
<figs/ch4/f_specific_P.eps>)
File: flipbook/frame45.eps Graphic file (type eps)
 <flipbook/frame45.eps> [45] (figs/ch4/f_extra_BH.tex
File: figs/ch4/f_extra_BH.eps Graphic file (type eps)
 <psfrag:figs/ch4/f_extra_BH.eps>
(USThesis.pfg) <figs/ch4/f_extra_BH.eps>) [46]
File: flipbook/frame47.eps Graphic file (type eps)
 <flipbook/frame47.eps> [47] [48] (figs/ch4/f_coeff.tex
File: figs/ch4/f_coeff.eps Graphic file (type eps)

<psfrag:figs/ch4/f_coeff.eps> (USThesis.pfg) <figs/ch4/f_coeff.eps>)
File: flipbook/frame49.eps Graphic file (type eps)
 <flipbook/frame49.eps> [49]
(figs/ch4/f_magnet_BH.tex
File: figs/ch4/f_magnet_BH.eps Graphic file (type eps)
 <psfrag:figs/ch4/f_magnet_BH.eps> (USThesis.pfg) <figs/ch4/f_magnet_BH.eps>) [50]
File: flipbook/frame51.eps Graphic file (type eps)

<flipbook/frame51.eps> [51] [52] (figs/ch4/f_fea_model.tex
File: figs/ch4/f_fea_model.eps Graphic file (type eps)
 <psfrag:figs/ch4/f_fea_model.eps> (USThesis.pfg)
<figs/ch4/f_fea_model.eps>)
File: flipbook/frame53.eps Graphic file (type eps)
 <flipbook/frame53.eps> [53] [54]
File: flipbook/frame55.eps Graphic file (type eps)
 <flipbook/frame55.eps> [55] (figs/ch4/f_flux_linkage.tex
File: figs/ch4/f_flux_linkage.eps Graphic file (type eps)

<psfrag:figs/ch4/f_flux_linkage.eps> (USThesis.pfg) <figs/ch4/f_flux_linkage.eps>) [56] (figs/ch4/f_energy.tex
File: figs/ch4/f_energy.eps Graphic file (type eps)

<psfrag:figs/ch4/f_energy.eps> (USThesis.pfg) <figs/ch4/f_energy.eps>)
File: flipbook/frame57.eps Graphic file (type eps)
 <flipbook/frame57.eps> [57]
(figs/ch4/f_saved_mu.tex
File: figs/ch4/f_saved_mu.eps Graphic file (type eps)
 <psfrag:figs/ch4/f_saved_mu.eps> (USThesis.pfg) <figs/ch4/f_saved_mu.eps>) [58]
(figs/ch4/f_tvsalpha.tex
File: figs/ch4/f_tvsalpha.eps Graphic file (type eps)
 <psfrag:figs/ch4/f_tvsalpha.eps> (USThesis.pfg) <figs/ch4/f_tvsalpha.eps>)
File: flipbook/frame59.eps Graphic file (type eps)

<flipbook/frame59.eps> [59] [60]
File: flipbook/frame61.eps Graphic file (type eps)
 <flipbook/frame61.eps> [61] (figs/ch4/f_periodicity.tex
File: figs/ch4/f_periodicity.eps Graphic file (type eps)

<psfrag:figs/ch4/f_periodicity.eps> (USThesis.pfg) <figs/ch4/f_periodicity.eps>) [62] (figs/ch4/f_3DBd.tex
File: figs/ch4/f_3DBd.eps Graphic file (type eps)

<psfrag:figs/ch4/f_3DBd.eps> (USThesis.pfg) <figs/ch4/f_3DBd.eps>) (figs/ch4/f_3DBq.tex
File: figs/ch4/f_3DBq.eps Graphic file (type eps)
 <psfrag:figs/ch4/f_3DBq.eps>
(USThesis.pfg) <figs/ch4/f_3DBq.eps>)
File: flipbook/frame63.eps Graphic file (type eps)
 <flipbook/frame63.eps> [63] [64] (figs/ch4/f_only_rotor.tex
File: figs/ch4/f_only_rotor.eps Graphic file (type eps)

<psfrag:figs/ch4/f_only_rotor.eps> (USThesis.pfg) <figs/ch4/f_only_rotor.eps>) (figs/ch4/f_dft_id0.tex
File: figs/ch4/f_dft_id0.eps Graphic file (type eps)

<psfrag:figs/ch4/f_dft_id0.eps> (USThesis.pfg) <figs/ch4/f_dft_id0.eps>) (figs/ch4/f_dft_id.tex
File: figs/ch4/f_dft_id.eps Graphic file (type eps)

<psfrag:figs/ch4/f_dft_id.eps> (USThesis.pfg) <figs/ch4/f_dft_id.eps>) (figs/ch4/f_dft_iq.tex
File: figs/ch4/f_dft_iq.eps Graphic file (type eps)

<psfrag:figs/ch4/f_dft_iq.eps> (USThesis.pfg) <figs/ch4/f_dft_iq.eps>)
File: flipbook/frame65.eps Graphic file (type eps)
 <flipbook/frame65.eps> [65] [66]
File: flipbook/frame67.eps Graphic file (type eps)

<flipbook/frame67.eps> [67]) [68] (contents/Chap-5.tex
Underfull \vbox (badness 1048) has occurred while \output is active []

File: flipbook/frame69.eps Graphic file (type eps)
 <flipbook/frame69.eps> [69



] (figs/ch5/f_Mn.tex
File: figs/ch5/f_Mn.eps Graphic file (type eps)

<psfrag:figs/ch5/f_Mn.eps> (USThesis.pfg) <figs/ch5/f_Mn.eps>) [70] (figs/ch5/f_insulation.tex
File: figs/ch5/f_insulation.eps Graphic file (type eps)

<psfrag:figs/ch5/f_insulation.eps> (USThesis.pfg) <figs/ch5/f_insulation.eps>)
Underfull \hbox (badness 1199) in paragraph at lines 93--93
[]|\T1/cmr/m/n/12 Coil-to-coil con-nec-tions are usu-ally re-
 []

File: flipbook/frame71.eps Graphic file (type eps)
<flipbook/frame71.eps> [71] [72]
File: flipbook/frame73.eps Graphic file (type eps)
 <flipbook/frame73.eps> [73] (figs/ch5/f_fea_design.tex
File: figs/ch5/f_fea_design.eps Graphic file (type eps)

<psfrag:figs/ch5/f_fea_design.eps> (USThesis.pfg) <figs/ch5/f_fea_design.eps>) [74]
File: flipbook/frame75.eps Graphic file (type eps)
 <flipbook/frame75.eps> [75]
(figs/ch5/f_end_winding.tex
File: figs/ch5/f_end_winding.eps Graphic file (type eps)
 <psfrag:figs/ch5/f_end_winding.eps> (USThesis.pfg) <figs/ch5/f_end_winding.eps>) [76]
(figs/ch5/f_layout.tex
File: figs/ch5/f_layout.eps Graphic file (type eps)
 <psfrag:figs/ch5/f_layout.eps> (USThesis.pfg) <figs/ch5/f_layout.eps>)
File: figs/ch5/f_vec.eps Graphic file (type eps)
 <figs/ch5/f_vec.eps>
File: flipbook/frame77.eps Graphic file (type eps)

<flipbook/frame77.eps> [77] (figs/ch5/f_psi_bt.tex
File: figs/ch5/f_psi_bt.eps Graphic file (type eps)
 <psfrag:figs/ch5/f_psi_bt.eps> (USThesis.pfg)
<figs/ch5/f_psi_bt.eps>) (figs/ch5/f_T_ripple.tex
File: figs/ch5/f_T_ripple.eps Graphic file (type eps)
 <psfrag:figs/ch5/f_T_ripple.eps> (USThesis.pfg)
<figs/ch5/f_T_ripple.eps>) [78] (figs/ch5/f_magnet_entwurf.tex
File: figs/ch5/f_magnet_entwurf.eps Graphic file (type eps)
 <psfrag:figs/ch5/f_magnet_entwurf.eps> (USThesis.pfg)
<figs/ch5/f_magnet_entwurf.eps>)
File: flipbook/frame79.eps Graphic file (type eps)
 <flipbook/frame79.eps> [79] [80] (figs/ch5/f_staggered.tex
File: figs/ch5/f_staggered.eps Graphic file (type eps)

<psfrag:figs/ch5/f_staggered.eps> (USThesis.pfg) <figs/ch5/f_staggered.eps>)
File: flipbook/frame81.eps Graphic file (type eps)
 <flipbook/frame81.eps> [81] [82]
File: flipbook/frame83.eps Graphic file (type eps)

<flipbook/frame83.eps> [83] (figs/ch5/f_eddy_loss.tex
File: figs/ch5/f_eddy_loss.eps Graphic file (type eps)
 <psfrag:figs/ch5/f_eddy_loss.eps> (USThesis.pfg)
<figs/ch5/f_eddy_loss.eps>) (figs/ch5/f_eddy_loss_2.tex
File: figs/ch5/f_eddy_loss_2.eps Graphic file (type eps)
 <psfrag:figs/ch5/f_eddy_loss_2.eps> (USThesis.pfg)
<figs/ch5/f_eddy_loss_2.eps>) [84]
File: flipbook/frame85.eps Graphic file (type eps)
 <flipbook/frame85.eps> [85] [86] (figs/ch5/f_pm_eddy.tex
File: figs/ch5/f_pm_eddy.eps Graphic file (type eps)

<psfrag:figs/ch5/f_pm_eddy.eps> (USThesis.pfg) <figs/ch5/f_pm_eddy.eps>) (figs/ch5/f_boules.tex
File: figs/ch5/f_boules.eps Graphic file (type eps)

<psfrag:figs/ch5/f_boules.eps> (USThesis.pfg) <figs/ch5/f_boules.eps>) (figs/ch5/f_spec2fea.tex
File: figs/ch5/f_spec2fea.eps Graphic file (type eps)

<psfrag:figs/ch5/f_spec2fea.eps> (USThesis.pfg) <figs/ch5/f_spec2fea.eps>) (figs/ch5/f_spec2fea_b.tex
File: figs/ch5/f_spec2fea_b.eps Graphic file (type eps)

<psfrag:figs/ch5/f_spec2fea_b.eps> (USThesis.pfg) <figs/ch5/f_spec2fea_b.eps>)
File: flipbook/frame87.eps Graphic file (type eps)
 <flipbook/frame87.eps> [87] [88]
File: flipbook/frame89.eps Graphic file (type eps)

<flipbook/frame89.eps> [89] (figs/ch5/f_qd_axis.tex
File: figs/ch5/f_qd_axis.eps Graphic file (type eps)
 <psfrag:figs/ch5/f_qd_axis.eps> (USThesis.pfg)
<figs/ch5/f_qd_axis.eps>) [90] (figs/ch5/f_qd_axis_model.tex
File: figs/ch5/f_qd_axis_model.eps Graphic file (type eps)
 <psfrag:figs/ch5/f_qd_axis_model.eps> (USThesis.pfg)
<figs/ch5/f_qd_axis_model.eps>)
File: flipbook/frame91.eps Graphic file (type eps)
 <flipbook/frame91.eps> [91] [92] (figs/ch5/f_3DTorq.tex
File: figs/ch5/f_3DTorq.eps Graphic file (type eps)
 <psfrag:figs/ch5/f_3DTorq.eps>
(USThesis.pfg) <figs/ch5/f_3DTorq.eps>) (figs/ch5/f_3DPsid.tex
File: figs/ch5/f_3DPsid.eps Graphic file (type eps)
 <psfrag:figs/ch5/f_3DPsid.eps> (USThesis.pfg)
<figs/ch5/f_3DPsid.eps>) (figs/ch5/f_3DPsiq.tex
File: figs/ch5/f_3DPsiq.eps Graphic file (type eps)
 <psfrag:figs/ch5/f_3DPsiq.eps> (USThesis.pfg) <figs/ch5/f_3DPsiq.eps>)
File: flipbook/frame93.eps Graphic file (type eps)

<flipbook/frame93.eps> [93] [94] (figs/ch5/f_locus.tex
File: figs/ch5/f_locus.eps Graphic file (type eps)
 <psfrag:figs/ch5/f_locus.eps> (USThesis.pfg)
<figs/ch5/f_locus.eps>)
File: flipbook/frame95.eps Graphic file (type eps)
 <flipbook/frame95.eps> [95] (figs/ch5/f_coils_setup.tex
File: figs/ch5/f_coils_setup.eps Graphic file (type eps)
 <psfrag:figs/ch5/f_coils_setup.eps>
(USThesis.pfg) <figs/ch5/f_coils_setup.eps>) [96]
File: flipbook/frame97.eps Graphic file (type eps)
 <flipbook/frame97.eps> [97] (figs/ch5/f_U1_time.tex
File: figs/ch5/f_U1_time.eps Graphic file (type eps)

<psfrag:figs/ch5/f_U1_time.eps> (USThesis.pfg) <figs/ch5/f_U1_time.eps>) (figs/ch5/f_PFE.tex
File: figs/ch5/f_PFE.eps Graphic file (type eps)

<psfrag:figs/ch5/f_PFE.eps> (USThesis.pfg) <figs/ch5/f_PFE.eps>) [98] (figs/ch5/f_MagCur.tex
File: figs/ch5/f_MagCur.eps Graphic file (type eps)

<psfrag:figs/ch5/f_MagCur.eps> (USThesis.pfg) <figs/ch5/f_MagCur.eps>)
File: flipbook/frame99.eps Graphic file (type eps)
 <flipbook/frame99.eps> [99] [100]
File: flipbook/frame101.eps Graphic file (type eps)

<flipbook/frame101.eps> [101] (figs/ch5/f_PBohrung.tex
File: figs/ch5/f_PBohrung.eps Graphic file (type eps)
 <psfrag:figs/ch5/f_PBohrung.eps> (USThesis.pfg)
<figs/ch5/f_PBohrung.eps>) (figs/ch5/f_removed_rotor.tex
File: figs/ch5/f_removed_rotor.eps Graphic file (type eps)
 <psfrag:figs/ch5/f_removed_rotor.eps> (USThesis.pfg)
<figs/ch5/f_removed_rotor.eps>) (figs/ch5/f_I1_meas.tex
File: figs/ch5/f_I1_meas.eps Graphic file (type eps)
 <psfrag:figs/ch5/f_I1_meas.eps> (USThesis.pfg)
<figs/ch5/f_I1_meas.eps>) (figs/ch5/f_u_meas.tex
File: figs/ch5/f_u_meas.eps Graphic file (type eps)
 <psfrag:figs/ch5/f_u_meas.eps> (USThesis.pfg) <figs/ch5/f_u_meas.eps>)
[102]
File: flipbook/frame103.eps Graphic file (type eps)
 <flipbook/frame103.eps> [103] (figs/ch5/f_T_meas.tex
File: figs/ch5/f_T_meas.eps Graphic file (type eps)
 <psfrag:figs/ch5/f_T_meas.eps> (USThesis.pfg)
<figs/ch5/f_T_meas.eps>) [104]
File: flipbook/frame105.eps Graphic file (type eps)
 <flipbook/frame105.eps> [105] (figs/ch5/f_adibatic.tex
File: figs/ch5/f_adibatic.eps Graphic file (type eps)
 <psfrag:figs/ch5/f_adibatic.eps>
(USThesis.pfg) <figs/ch5/f_adibatic.eps>) (figs/ch5/f_heatrun.tex
File: figs/ch5/f_heatrun.eps Graphic file (type eps)
 <psfrag:figs/ch5/f_heatrun.eps> (USThesis.pfg)
<figs/ch5/f_heatrun.eps>) [106]
File: flipbook/frame107.eps Graphic file (type eps)
 <flipbook/frame107.eps> [107] [108])
File: flipbook/frame109.eps Graphic file (type eps)
 <flipbook/frame109.eps> [109] (contents/Chap-6.tex
Underfull \vbox (badness 1406) has occurred while \output is active []

 [110



]
File: flipbook/frame111.eps Graphic file (type eps)
 <flipbook/frame111.eps> [111]) [112]
File: flipbook/frame113.eps Graphic file (type eps)

<flipbook/frame113.eps> [113


] (contents/App_W_factors.tex) [114


] (contents/App_SlotCombinations.tex
(figs/AppB/f_Qs_24_p_8_1.tex
File: figs/AppB/f_Qs_24_p_8_1.eps Graphic file (type eps)
 <psfrag:figs/AppB/f_Qs_24_p_8_1.eps> (USThesis.pfg) <figs/AppB/f_Qs_24_p_8_1.eps>)
(figs/AppB/f_Qs_24_p_10_1.tex
File: figs/AppB/f_Qs_24_p_10_1.eps Graphic file (type eps)
 <psfrag:figs/AppB/f_Qs_24_p_10_1.eps> (USThesis.pfg) <figs/AppB/f_Qs_24_p_10_1.eps>)
(figs/AppB/f_Qs_30_p_13_1.tex
File: figs/AppB/f_Qs_30_p_13_1.eps Graphic file (type eps)
 <psfrag:figs/AppB/f_Qs_30_p_13_1.eps> (USThesis.pfg) <figs/AppB/f_Qs_30_p_13_1.eps>)
(figs/AppB/f_Qs_36_p_12_1.tex
File: figs/AppB/f_Qs_36_p_12_1.eps Graphic file (type eps)
 <psfrag:figs/AppB/f_Qs_36_p_12_1.eps> (USThesis.pfg) <figs/AppB/f_Qs_36_p_12_1.eps>)
(figs/AppB/f_Qs_36_p_15_1.tex
File: figs/AppB/f_Qs_36_p_15_1.eps Graphic file (type eps)
 <psfrag:figs/AppB/f_Qs_36_p_15_1.eps> (USThesis.pfg) <figs/AppB/f_Qs_36_p_15_1.eps>))
File: flipbook/frame115.eps Graphic file (type eps)

<flipbook/frame115.eps> [115



] [116]
File: flipbook/frame117.eps Graphic file (type eps)
 <flipbook/frame117.eps> [117] (contents/App_AGE.tex
Underfull \vbox (badness 10000) has occurred while \output is active []

 [118



] (figs/AppC/f_mesh.tex
File: figs/AppC/f_mesh.eps Graphic file (type eps)

<psfrag:figs/AppC/f_mesh.eps> (USThesis.pfg) <figs/AppC/f_mesh.eps>)
Underfull \vbox (badness 6188) has occurred while \output is active []

File: flipbook/frame119.eps Graphic file (type eps)
 <flipbook/frame119.eps> [119] [120]
Overfull \hbox (174.12294pt too wide) detected at line 193
 $\OML/cmm/m/it/12 a[] \OT1/cmr/m/n/12 = \OML/cmm/m/it/12 G[] [] [] \OT1/cmr/m/n/12 + \OML/cmm/m/it/12 F[] [] []  []$  
 []

File: flipbook/frame121.eps Graphic file (type eps)
<flipbook/frame121.eps> [121] (figs/AppC/f_vec_2.tex
File: figs/AppC/f_vec_2.eps Graphic file (type eps)
 <psfrag:figs/AppC/f_vec_2.eps> (USThesis.pfg)
<figs/AppC/f_vec_2.eps>) [122] (figs/AppC/f_age_ss.tex
File: figs/AppC/f_age_ss.eps Graphic file (type eps)
 <psfrag:figs/AppC/f_age_ss.eps> (USThesis.pfg)
<figs/AppC/f_age_ss.eps>)
File: flipbook/frame123.eps Graphic file (type eps)
 <flipbook/frame123.eps> [123]) [124] (USThesis.bbl
("D:\Programme\MiKTeX 2.9\tex\latex\stellenbosch\usbib.eng")
File: flipbook/frame125.eps Graphic file (type eps)
 <flipbook/frame125.eps> [125



] [126]
File: flipbook/frame127.eps Graphic file (type eps)

<flipbook/frame127.eps> [127] [128]
LaTeX Font Info:    Try loading font information for T1+cmtt on input line 620.
 ("D:\Programme\MiKTeX 2.9\tex\latex\base\t1cmtt.fd"
File: t1cmtt.fd 2014/09/29 v2.5h Standard LaTeX font definitions
))
File: flipbook/frame129.eps Graphic file (type eps)
 <flipbook/frame129.eps>
[129]
\tf@toc=\write6
\tf@lof=\write7
\tf@lot=\write8
Package atveryend Info: Empty hook `BeforeClearDocument' on input line 165.
Package atveryend Info: Empty hook `AfterLastShipout' on input line 165.
 (USThesis.aux (frontmatter/Chap-Front.aux) (frontmatter/Nomencl.aux) (contents/Chap-1.aux) (contents/Chap-2.aux)
(contents/Chap-3.aux) (contents/Chap-4.aux) (contents/Chap-5.aux) (contents/Chap-6.aux) (contents/App_W_factors.aux)
(contents/App_SlotCombinations.aux) (contents/App_AGE.aux))
Package atveryend Info: Empty hook `AtVeryEndDocument' on input line 165.
Package atveryend Info: Executing hook `AtEndAfterFileList' on input line 165.
Package rerunfilecheck Info: File `USThesis.out' has not changed.
(rerunfilecheck)             Checksum: E1E14076A0698CA1F02F71041E637EB3;13716.
Package atveryend Info: Empty hook `AtVeryVeryEnd' on input line 165.
 ) 
Here is how much of TeX's memory you used:
 14481 strings out of 493672
 212994 string characters out of 3145507
 391862 words of memory out of 3000000
 17039 multiletter control sequences out of 15000+200000
 40435 words of font info for 110 fonts, out of 3000000 for 9000
 1038 hyphenation exceptions out of 8191
 47i,19n,50p,1322b,687s stack positions out of 5000i,500n,10000p,200000b,50000s

Output written on USThesis.dvi (147 pages, 1147752 bytes).
